<?xml version="1.0" encoding="UTF-8"?>
<!-- Generated by org.testng.reporters.JUnitXMLReporter -->
<testsuite hostname="PCZW0345" name="Login tests" tests="3" failures="1" timestamp="24 Sep 2015 13:33:29 GMT" time="19.326" errors="0">
  <testcase name="failingTest" time="16.161" classname="com.ontestautomation.extentreports.tests.LoginTest">
    <failure type="java.lang.AssertionError" message="expected [This is not the error message you&amp;apos;re looking for.] but found [The username and password could not be verified.]">
      <![CDATA[java.lang.AssertionError: expected [This is not the error message you're looking for.] but found [The username and password could not be verified.]
	at com.ontestautomation.extentreports.tests.LoginTest.failingTest(LoginTest.java:43)
... Removed 29 stack frames]]>
    </failure>
  </testcase> <!-- failingTest -->
  <testcase name="testFailingLogin" time="1.081" classname="com.ontestautomation.extentreports.tests.LoginTest"/>
  <testcase name="testSuccessfulLogin" time="2.076" classname="com.ontestautomation.extentreports.tests.LoginTest"/>
</testsuite> <!-- Login tests -->
