<?xml version="1.0" encoding="UTF-8"?>
<testng-results skipped="0" failed="1" total="3" passed="2">
  <reporter-output>
  </reporter-output>
  <suite name="Parabank login test suite" duration-ms="19326" started-at="2015-09-24T13:33:09Z" finished-at="2015-09-24T13:33:29Z">
    <groups>
    </groups>
    <test name="Login tests" duration-ms="19326" started-at="2015-09-24T13:33:09Z" finished-at="2015-09-24T13:33:29Z">
      <class name="com.ontestautomation.extentreports.tests.LoginTest">
        <test-method status="PASS" signature="setUp()[pri:0, instance:com.ontestautomation.extentreports.tests.LoginTest@e60e128]" name="setUp" is-config="true" duration-ms="4711" started-at="2015-09-24T15:33:05Z" finished-at="2015-09-24T15:33:09Z">
          <reporter-output>
          </reporter-output>
        </test-method> <!-- setUp -->
        <test-method status="FAIL" signature="failingTest(java.lang.String, java.lang.String)[pri:0, instance:com.ontestautomation.extentreports.tests.LoginTest@e60e128]" name="failingTest" duration-ms="16161" started-at="2015-09-24T15:33:09Z" description="Performs an unsuccessful login and checks the resulting error message (fails)" finished-at="2015-09-24T15:33:26Z">
          <params>
            <param index="0">
              <value>
                <![CDATA[wrong]]>
              </value>
            </param>
            <param index="1">
              <value>
                <![CDATA[credentials]]>
              </value>
            </param>
          </params>
          <exception class="java.lang.AssertionError">
            <message>
              <![CDATA[expected [This is not the error message you're looking for.] but found [The username and password could not be verified.]]]>
            </message>
            <full-stacktrace>
              <![CDATA[java.lang.AssertionError: expected [This is not the error message you're looking for.] but found [The username and password could not be verified.]
	at org.testng.Assert.fail(Assert.java:94)
	at org.testng.Assert.failNotEquals(Assert.java:494)
	at org.testng.Assert.assertEquals(Assert.java:123)
	at org.testng.Assert.assertEquals(Assert.java:176)
	at org.testng.Assert.assertEquals(Assert.java:186)
	at com.ontestautomation.extentreports.tests.LoginTest.failingTest(LoginTest.java:43)
	at sun.reflect.NativeMethodAccessorImpl.invoke0(Native Method)
	at sun.reflect.NativeMethodAccessorImpl.invoke(NativeMethodAccessorImpl.java:39)
	at sun.reflect.DelegatingMethodAccessorImpl.invoke(DelegatingMethodAccessorImpl.java:25)
	at java.lang.reflect.Method.invoke(Method.java:597)
	at org.testng.internal.MethodInvocationHelper.invokeMethod(MethodInvocationHelper.java:84)
	at org.testng.internal.Invoker.invokeMethod(Invoker.java:714)
	at org.testng.internal.Invoker.invokeTestMethod(Invoker.java:901)
	at org.testng.internal.Invoker.invokeTestMethods(Invoker.java:1231)
	at org.testng.internal.TestMethodWorker.invokeTestMethods(TestMethodWorker.java:127)
	at org.testng.internal.TestMethodWorker.run(TestMethodWorker.java:111)
	at org.testng.TestRunner.privateRun(TestRunner.java:767)
	at org.testng.TestRunner.run(TestRunner.java:617)
	at org.testng.SuiteRunner.runTest(SuiteRunner.java:334)
	at org.testng.SuiteRunner.runSequentially(SuiteRunner.java:329)
	at org.testng.SuiteRunner.privateRun(SuiteRunner.java:291)
	at org.testng.SuiteRunner.run(SuiteRunner.java:240)
	at org.testng.SuiteRunnerWorker.runSuite(SuiteRunnerWorker.java:52)
	at org.testng.SuiteRunnerWorker.run(SuiteRunnerWorker.java:86)
	at org.testng.TestNG.runSuitesSequentially(TestNG.java:1224)
	at org.testng.TestNG.runSuitesLocally(TestNG.java:1149)
	at org.testng.TestNG.run(TestNG.java:1057)
	at org.testng.remote.RemoteTestNG.run(RemoteTestNG.java:111)
	at org.testng.remote.RemoteTestNG.initAndRun(RemoteTestNG.java:204)
	at org.testng.remote.RemoteTestNG.main(RemoteTestNG.java:175)
]]>
            </full-stacktrace>
          </exception> <!-- java.lang.AssertionError -->
          <reporter-output>
          </reporter-output>
        </test-method> <!-- failingTest -->
        <test-method status="PASS" signature="testFailingLogin(java.lang.String, java.lang.String)[pri:0, instance:com.ontestautomation.extentreports.tests.LoginTest@e60e128]" name="testFailingLogin" duration-ms="1081" started-at="2015-09-24T15:33:26Z" description="Performs an unsuccessful login and checks the resulting error message (passes)" finished-at="2015-09-24T15:33:27Z">
          <params>
            <param index="0">
              <value>
                <![CDATA[wrong]]>
              </value>
            </param>
            <param index="1">
              <value>
                <![CDATA[credentials]]>
              </value>
            </param>
          </params>
          <reporter-output>
          </reporter-output>
        </test-method> <!-- testFailingLogin -->
        <test-method status="PASS" signature="testSuccessfulLogin(java.lang.String, java.lang.String)[pri:0, instance:com.ontestautomation.extentreports.tests.LoginTest@e60e128]" name="testSuccessfulLogin" duration-ms="2076" started-at="2015-09-24T15:33:27Z" description="Performs a successful login and checks whether the Accounts Overview page is opened" finished-at="2015-09-24T15:33:29Z">
          <params>
            <param index="0">
              <value>
                <![CDATA[john]]>
              </value>
            </param>
            <param index="1">
              <value>
                <![CDATA[demo]]>
              </value>
            </param>
          </params>
          <reporter-output>
          </reporter-output>
        </test-method> <!-- testSuccessfulLogin -->
        <test-method status="PASS" signature="tearDown()[pri:0, instance:com.ontestautomation.extentreports.tests.LoginTest@e60e128]" name="tearDown" is-config="true" duration-ms="138" started-at="2015-09-24T15:33:29Z" finished-at="2015-09-24T15:33:29Z">
          <reporter-output>
          </reporter-output>
        </test-method> <!-- tearDown -->
      </class> <!-- com.ontestautomation.extentreports.tests.LoginTest -->
    </test> <!-- Login tests -->
  </suite> <!-- Parabank login test suite -->
</testng-results>
